2024-01-22T06:15:16.207635+05:30 0x00004ae4 <INFO> RoomsPlatformUtils: Process invoked without rooms flag, no platform ID override provided
2024-01-22T06:15:16.212504+05:30 0x00004770 <INFO> SingleThreadedWorker: Waiting for Work on worker thread : TelemetryServiceWorker
2024-01-22T06:15:16.298385+05:30 0x00004ae4 <INFO> TelemetryService: Sampling rules from previous session recovered
2024-01-22T06:15:16.307531+05:30 0x00004ae4 <INFO> BackgroundTaskBase: Registering msteamsupdate.exe as bgtask com server for task: TeamsEcsTask
2024-01-22T06:15:16.307531+05:30 0x00004ae4 <INFO> Scenario: shell_bgtask_comserverregistration [start,success] Scenario.Status:success, Scenario.Step:start, delta:0, elapsed:1, elapsedSinceProcessStart:430, sequence:0
2024-01-22T06:15:16.329886+05:30 0x00002a34 <INFO> EcsBackgroundTask: Starting ecs background task
2024-01-22T06:15:16.329886+05:30 0x00002a34 <INFO> Scenario: shell_ecs_refresh [start,success] Scenario.Status:success, Scenario.Step:start, delta:0, elapsed:0, elapsedSinceProcessStart:452, sequence:0
2024-01-22T06:15:16.601264+05:30 0x00002a34 <INFO> Scenario: shell_peristent_storage_read [start,success] Scenario.Status:success, Scenario.Step:start, delta:0, elapsed:271, elapsedSinceProcessStart:723, sequence:0
2024-01-22T06:15:16.601264+05:30 0x00002a34 <INFO> TelemetryService: Restored sampling rules from previous session
2024-01-22T06:15:16.601264+05:30 0x00002a34 <INFO> Scenario: shell_peristent_storage_read [stop,abandoned] InstanceId:2ce57530-f42f-4e4c-af27-f46e9b804e01, Scenario.Mode:1, Scenario.Name:shell_peristent_storage_read, Scenario.Status:abandoned, Scenario.Step:stop, delta:0, elapsed:271, elapsedSinceProcessStart:723, error:no such file or directory, fileName:configuration.json, previousStep:start, sequence:1, stepDelta:0
2024-01-22T06:15:16.607817+05:30 0x00002a34 <INFO> Scenario: shell_peristent_storage_read [start,success] Scenario.Status:success, Scenario.Step:start, delta:0, elapsed:280, elapsedSinceProcessStart:732, sequence:0
2024-01-22T06:15:16.617878+05:30 0x00002a34 <INFO> Scenario: shell_peristent_storage_read [stop,success] InstanceId:565c8652-344f-4229-847d-f1f8b025e70c, Scenario.Mode:1, Scenario.Name:shell_peristent_storage_read, Scenario.Status:success, Scenario.Step:stop, delta:9, elapsed:289, elapsedSinceProcessStart:741, fileName:ecs_request_param.json, previousStep:start, sequence:1, stepDelta:9
2024-01-22T06:15:16.617878+05:30 0x00002a34 <INFO> TelemetryService: No primary user detected during a SetUserTenantId Call, setting 9188040d-6c67-4c5b-b112-36a304b66dad as default tenant
2024-01-22T06:15:16.617878+05:30 0x00002a34 <INFO> TelemetryService: No primary user detected during a SetUserId Call, setting 00000000-0000-0000-450a-32f5ac2a331a as UserInfo_Id
2024-01-22T06:15:16.629900+05:30 0x00002a34 <INFO> Scenario: shell_ecs_cache [start,success] Scenario.Status:success, Scenario.Step:start, delta:0, elapsed:311, elapsedSinceProcessStart:763, sequence:0
2024-01-22T06:15:16.646074+05:30 0x00002a34 <INFO> Scenario: shell_ecs_cache [stop,success] InstanceId:4891a6d7-af1d-414b-b48a-61a3cd42e539, LatestVersion:23335.242.2641.4129, LatestVersionPath:/BuildSettings/WebView2/x64/latestVersion, Scenario.Mode:1, Scenario.Name:shell_ecs_cache, Scenario.Status:success, Scenario.Step:stop, StatusCode:, TeamsBuilds:["arm64","x64","x86"], TeamsWebView2:["app","auth","autostart","core","deviceCapability","ecs","extensibility","hfpCallManager","logging","meetNow","nativeModules","nbaFinalExperience","security","systemTray","taskbar","telemetry","thirdPartyDevices","tma","toasts","update","uxStateError","webLauncher","webNrc","webview","windowcontrols"], configExpiryTimeInSec:0, delta:12, elapsed:323, elapsedSinceProcessStart:775, expiry:Mon, 22 Jan 2024 07:21:50 GMT, previousStep:start, process:updater, requestParameters:{"ClientId":"99e536bf-3b54-4e34-b8a1-d06168763797","aaduserid":"00000000-0000-0000-450a-32f5ac2a331a","agents":"TeamsBuilds,TeamsWebview2","audience":"general","cloud":"Consumer","cpuarch":"x64","desktopVersion":"23335.242.2641.4129","environment":"life","id":"00000000-0000-0000-450a-32f5ac2a331a","osplatform":"windows","osversion":"10.0.22631","teamslocale":"en-us","teamsring":"general","tenantId":"9188040d-6c67-4c5b-b112-36a304b66dad"}, sequence:1, stepDelta:12
2024-01-22T06:15:16.646074+05:30 0x00002a34 <INFO> EcsFetchCompletion: Ecs settings are already up to date
2024-01-22T06:15:16.646074+05:30 0x00002a34 <INFO> Scenario: shell_ecs_refresh [stop,abandoned] InstanceId:f1eb6b71-47dd-4338-b299-ba5c0aa97c93, Scenario.Mode:1, Scenario.Name:shell_ecs_refresh, Scenario.Status:abandoned, Scenario.Step:stop, delta:324, elapsed:324, elapsedSinceProcessStart:776, previousStep:start, reason:up to date, sequence:1, stepDelta:324
2024-01-22T06:15:16.677244+05:30 0x00002a34 <INFO> EcsBackgroundTask: Completed ecs background task
2024-01-22T06:15:16.677244+05:30 0x00004ae4 <INFO> Scenario: shell_bgtask_comserverregistration [stop,success] InstanceId:c4f5a64f-0222-49dc-bc4a-59323e68d6b9, Scenario.Mode:3, Scenario.Name:shell_bgtask_comserverregistration, Scenario.Status:success, Scenario.Step:stop, Scenario.Steps:[{"Scenario.Status":"success","Scenario.Step":"stop","delta":370,"elapsed":371,"elapsedSinceProcessStart":800,"previousStep":"start","sequence":1,"stepDelta":370}], Scenario.StepsEx:[{"taskName":"TeamsEcsTask"}], delta:370, elapsed:371, elapsedSinceProcessStart:800, previousStep:start, sequence:1, stepDelta:370, taskName:TeamsEcsTask
2024-01-22T06:15:17.837226+05:30 0x00004ae4 <INFO> TelemetryService: Telemetry service stopped
