2024-01-22T06:15:16.219520+05:30 0x00000574 <INFO> RoomsPlatformUtils: Process invoked without rooms flag, no platform ID override provided
2024-01-22T06:15:16.223869+05:30 0x00004440 <INFO> SingleThreadedWorker: Waiting for Work on worker thread : TelemetryServiceWorker
2024-01-22T06:15:16.298385+05:30 0x00000574 <INFO> TelemetryService: Sampling rules from previous session recovered
2024-01-22T06:15:16.307531+05:30 0x00000574 <INFO> BackgroundTaskBase: Registering msteamsupdate.exe as bgtask com server for task: TeamsAsyncUpdaterTask
2024-01-22T06:15:16.307531+05:30 0x00000574 <INFO> Scenario: shell_bgtask_comserverregistration [start,success] Scenario.Status:success, Scenario.Step:start, delta:0, elapsed:1, elapsedSinceProcessStart:380, sequence:0
2024-01-22T06:15:16.329886+05:30 0x00002fa0 <INFO> AsyncUpdaterTask: Starting updater background task
2024-01-22T06:15:16.329886+05:30 0x00002fa0 <INFO> Scenario: shell_ecs_refresh [start,success] Scenario.Status:success, Scenario.Step:start, delta:0, elapsed:0, elapsedSinceProcessStart:402, sequence:0
2024-01-22T06:15:16.534137+05:30 0x00002fa0 <INFO> Scenario: shell_peristent_storage_read [start,success] Scenario.Status:success, Scenario.Step:start, delta:0, elapsed:213, elapsedSinceProcessStart:615, sequence:0
2024-01-22T06:15:16.534137+05:30 0x00002fa0 <INFO> TelemetryService: Restored sampling rules from previous session
2024-01-22T06:15:16.534137+05:30 0x00002fa0 <INFO> Scenario: shell_peristent_storage_read [stop,abandoned] InstanceId:57d4962b-5f19-4b06-8f79-a01848364298, Scenario.Mode:1, Scenario.Name:shell_peristent_storage_read, Scenario.Status:abandoned, Scenario.Step:stop, delta:0, elapsed:213, elapsedSinceProcessStart:615, error:no such file or directory, fileName:configuration.json, previousStep:start, sequence:1, stepDelta:0
2024-01-22T06:15:16.550005+05:30 0x00002fa0 <INFO> Scenario: shell_peristent_storage_read [start,success] Scenario.Status:success, Scenario.Step:start, delta:0, elapsed:223, elapsedSinceProcessStart:625, sequence:0
2024-01-22T06:15:16.550005+05:30 0x00002fa0 <INFO> Scenario: shell_peristent_storage_read [stop,success] InstanceId:8f6a2159-e4d3-4915-b1a8-e995b55219b5, Scenario.Mode:1, Scenario.Name:shell_peristent_storage_read, Scenario.Status:success, Scenario.Step:stop, delta:8, elapsed:231, elapsedSinceProcessStart:633, fileName:ecs_request_param.json, previousStep:start, sequence:1, stepDelta:8
2024-01-22T06:15:16.550005+05:30 0x00002fa0 <INFO> TelemetryService: No primary user detected during a SetUserTenantId Call, setting 9188040d-6c67-4c5b-b112-36a304b66dad as default tenant
2024-01-22T06:15:16.565655+05:30 0x00002fa0 <INFO> TelemetryService: No primary user detected during a SetUserId Call, setting 00000000-0000-0000-450a-32f5ac2a331a as UserInfo_Id
2024-01-22T06:15:16.565655+05:30 0x00002fa0 <INFO> AsyncUpdaterTask: Starting ecs fetch
2024-01-22T06:15:16.617878+05:30 0x00002fa0 <INFO> Scenario: shell_ecs_cache [start,success] Scenario.Status:success, Scenario.Step:start, delta:0, elapsed:297, elapsedSinceProcessStart:699, sequence:0
2024-01-22T06:15:16.629900+05:30 0x00002fa0 <INFO> Scenario: shell_ecs_cache [stop,success] InstanceId:116a15db-754e-4ea4-a124-cf270e3a85be, LatestVersion:23335.242.2641.4129, LatestVersionPath:/BuildSettings/WebView2/x64/latestVersion, Scenario.Mode:1, Scenario.Name:shell_ecs_cache, Scenario.Status:success, Scenario.Step:stop, StatusCode:, TeamsBuilds:["arm64","x64","x86"], TeamsWebView2:["app","auth","autostart","core","deviceCapability","ecs","extensibility","hfpCallManager","logging","meetNow","nativeModules","nbaFinalExperience","security","systemTray","taskbar","telemetry","thirdPartyDevices","tma","toasts","update","uxStateError","webLauncher","webNrc","webview","windowcontrols"], configExpiryTimeInSec:0, delta:9, elapsed:306, elapsedSinceProcessStart:708, expiry:Mon, 22 Jan 2024 07:21:50 GMT, previousStep:start, process:updater, requestParameters:{"ClientId":"99e536bf-3b54-4e34-b8a1-d06168763797","aaduserid":"00000000-0000-0000-450a-32f5ac2a331a","agents":"TeamsBuilds,TeamsWebview2","audience":"general","cloud":"Consumer","cpuarch":"x64","desktopVersion":"23335.242.2641.4129","environment":"life","id":"00000000-0000-0000-450a-32f5ac2a331a","osplatform":"windows","osversion":"10.0.22631","teamslocale":"en-us","teamsring":"general","tenantId":"9188040d-6c67-4c5b-b112-36a304b66dad"}, sequence:1, stepDelta:9
2024-01-22T06:15:16.629900+05:30 0x00002fa0 <INFO> EcsFetchCompletion: Ecs settings are already up to date
2024-01-22T06:15:16.629900+05:30 0x00002fa0 <INFO> Scenario: shell_ecs_refresh [stop,abandoned] InstanceId:4065bb32-1b56-4c11-91d2-98cb2579c935, Scenario.Mode:1, Scenario.Name:shell_ecs_refresh, Scenario.Status:abandoned, Scenario.Step:stop, delta:307, elapsed:307, elapsedSinceProcessStart:709, previousStep:start, reason:up to date, sequence:1, stepDelta:307
2024-01-22T06:15:16.629900+05:30 0x00002fa0 <INFO> AsyncUpdaterTask: Using cancellation flow version 0
2024-01-22T06:15:16.629900+05:30 0x00002fa0 <INFO> AsyncUpdaterTask: Completed ecs fetch. Result is 0
2024-01-22T06:15:16.646074+05:30 0x00002fa0 <INFO> GetBuildDaysTillEnd: Current build age is: 52
2024-01-22T06:15:16.646074+05:30 0x00002fa0 <INFO> Scenario: shell_msix_update [start,success] Scenario.Status:success, Scenario.Step:start, delta:0, elapsed:322, elapsedSinceProcessStart:724, sequence:0
2024-01-22T06:15:16.646074+05:30 0x00002fa0 <ERR>  DeploymentProviderMSIX: Already up to date
2024-01-22T06:15:16.646074+05:30 0x00002fa0 <ERR>  WIL: msteamsupdate.exe!00007FF70188C6C4: LogHr(1) tid(2fa0) 800704C7 The operation was canceled by the user.
2024-01-22T06:15:16.661596+05:30 0x00002fa0 <ERR>  WIL: msteamsupdate.exe!00007FF7019D3D36: ReturnHr(1) tid(2fa0) 800704C7 The operation was canceled by the user.
    Msg:[winrt::hresult_error: The operation was canceled by the user.] 
2024-01-22T06:15:16.661596+05:30 0x00002fa0 <INFO> Scenario: shell_msix_update [stop,success] CurrentVersion:23335.242.2641.4129, DeviceInfo_OfficeMachineId:58604132-655d-a94b-828f-546ccf46d99c, ErrorText:, ExtendedErrorCode:0x0
, GenericErrorCode:0x800704c7
, InstanceId:1ffac6ea-01c0-4ac5-a0c1-a3275da5a03f, LatestVersion:23335.242.2641.4129, Scenario.Mode:3, Scenario.Name:shell_msix_update, Scenario.Status:success, Scenario.Step:stop, Scenario.Steps:[{"Scenario.Status":"success","Scenario.Step":"stop","delta":11,"elapsed":333,"elapsedSinceProcessStart":735,"previousStep":"start","sequence":1,"stepDelta":11}], Scenario.StepsEx:[{"CurrentVersion":"23335.242.2641.4129","DeviceInfo_OfficeMachineId":"58604132-655d-a94b-828f-546ccf46d99c","ErrorText":"","ExtendedErrorCode":"0x0\n","GenericErrorCode":"0x800704c7\n","LatestVersion":"23335.242.2641.4129","UpdateCheckReason":"BgUpdateCheck","UpdateFailureCount":0,"UpdateUrl":"https://statics.teams.cdn.office.net/production-windows-x64/23335.242.2641.4129/MicrosoftTeams-x64.msix","reason":"uptodate","update-current-version":"23335.242.2641.4129"}], UpdateCheckReason:BgUpdateCheck, UpdateFailureCount:0, UpdateUrl:https://statics.teams.cdn.office.net/production-windows-x64/23335.242.2641.4129/MicrosoftTeams-x64.msix, delta:11, elapsed:333, elapsedSinceProcessStart:735, previousStep:start, reason:uptodate, sequence:1, stepDelta:11, update-current-version:23335.242.2641.4129
2024-01-22T06:15:16.661596+05:30 0x00002fa0 <INFO> Scenario: shell_install_msi_addin [start,success] Scenario.Status:success, Scenario.Step:start, delta:0, elapsed:335, elapsedSinceProcessStart:737, sequence:0
2024-01-22T06:15:16.661596+05:30 0x00002fa0 <INFO> Scenario: shell_install_msi_addin [stop,abandoned] InstanceId:1a8eaf93-4da4-4346-bfa3-8e1c86df44ab, Scenario.Mode:3, Scenario.Name:shell_install_msi_addin, Scenario.Status:abandoned, Scenario.Step:stop, Scenario.Steps:[{"Scenario.Status":"abandoned","Scenario.Step":"stop","delta":3,"elapsed":338,"elapsedSinceProcessStart":740,"previousStep":"start","sequence":1,"stepDelta":3}], Scenario.StepsEx:[{"UpdateCheckReason":"BackgroundUpdate","reason":"flag_off"}], UpdateCheckReason:BackgroundUpdate, delta:3, elapsed:338, elapsedSinceProcessStart:740, previousStep:start, reason:flag_off, sequence:1, stepDelta:3
2024-01-22T06:15:16.661596+05:30 0x00002fa0 <INFO> AsyncUpdaterTask: Updater task completed
2024-01-22T06:15:16.661596+05:30 0x00000574 <INFO> Scenario: shell_bgtask_comserverregistration [stop,success] InstanceId:7aeff3fe-bb3b-4c9c-8526-d92505e017b0, Scenario.Mode:3, Scenario.Name:shell_bgtask_comserverregistration, Scenario.Status:success, Scenario.Step:stop, Scenario.Steps:[{"Scenario.Status":"success","Scenario.Step":"stop","delta":365,"elapsed":366,"elapsedSinceProcessStart":745,"previousStep":"start","sequence":1,"stepDelta":365}], Scenario.StepsEx:[{"taskName":"TeamsAsyncUpdaterTask"}], delta:365, elapsed:366, elapsedSinceProcessStart:745, previousStep:start, sequence:1, stepDelta:365, taskName:TeamsAsyncUpdaterTask
2024-01-22T06:15:17.813503+05:30 0x00000574 <INFO> TelemetryService: Telemetry service stopped
