22/01 11:14:25  INFO com.intellij.internal.statistic.uploader - Process started with '--ide-token C:\Users\Yuvraj\AppData\Local\JetBrains\PyCharmCE2023.3\token --recorders FUS;MP --device-fus 08122318dc6450d-6f2c-4d49-9c10-d81d53f0bf8a --bucket-fus 190 --machine-fus 1b7f442a03e0227df298c01c4987208da89bbfc9cb96330506f141e794d8c1f2 --id-revision-fus 0 --files-fus C:\Users\Yuvraj\AppData\Local\JetBrains\PyCharmCE2023.3\event-log-data\logs\FUS\3dad-4a79-ae55-900057092edd-233.13135.95-release.log;C:\Users\Yuvraj\AppData\Local\JetBrains\PyCharmCE2023.3\event-log-data\logs\FUS\7ad2-4513-9af1-9dc374cf5437-233.13135.95-release.log --escape-fus true --device-mp 08122311a2304ab-0410-4a78-a20f-627b37070957 --bucket-mp 30 --machine-mp 4de7431abb8c1ed3c6b590c2cd5e57d44c5244a7a4262d6320fc8e133806dc5b --id-revision-mp 0 --files-mp C:\Users\Yuvraj\AppData\Local\JetBrains\PyCharmCE2023.3\event-log-data\logs\MP\cdb4-4b78-a803-7f7472d3edf6-233.13135.95-release.log --escape-mp true --url https://resources.jetbrains.com/storage/fus/config/v4/%s/%s.json --product PC --product-version 2023.3.2 --baseline-version 233 --user-agent PyCharm/233.13135.95 --extra-headers '
22/01 11:14:25  INFO com.intellij.internal.statistic.uploader - Classpath:C:\Program Files\JetBrains\PyCharm Community Edition 2023.3.2\lib\util-8.jar;C:\Program Files\JetBrains\PyCharm Community Edition 2023.3.2\lib\annotations.jar;C:\Program Files\JetBrains\PyCharm Community Edition 2023.3.2\lib\lib-client.jar;C:\Program Files\JetBrains\PyCharm Community Edition 2023.3.2\lib\stats.jar
22/01 11:14:25  INFO com.intellij.internal.statistic.uploader.events - 1705902265977 STARTED ALL
22/01 11:14:26  INFO com.intellij.internal.statistic.uploader - IDE token file: C:\Users\Yuvraj\AppData\Local\JetBrains\PyCharmCE2023.3\token
22/01 11:14:26  INFO com.intellij.internal.statistic.uploader - [FUS] Start uploading...
22/01 11:14:26  INFO com.intellij.internal.statistic.uploader - [MP] Start uploading...
22/01 11:14:26  INFO com.intellij.internal.statistic.uploader - [MP] {product:PC, productVersion:2023.3.2, userAgent:PyCharm/233.13135.95(External), url: https://resources.jetbrains.com/storage/fus/config/v4/%s/%s.json, internal:false, isTestConfig:false, isTestSendEndpoint:false}
22/01 11:14:26  INFO com.intellij.internal.statistic.uploader - [FUS] {product:PC, productVersion:2023.3.2, userAgent:PyCharm/233.13135.95(External), url: https://resources.jetbrains.com/storage/fus/config/v4/%s/%s.json, internal:false, isTestConfig:false, isTestSendEndpoint:false}
22/01 11:14:26  INFO com.intellij.internal.statistic.uploader - [FUS] {recorder:FUS, files:C:\Users\Yuvraj\AppData\Local\JetBrains\PyCharmCE2023.3\event-log-data\logs\FUS\3dad-4a79-ae55-900057092edd-233.13135.95-release.log;C:\Users\Yuvraj\AppData\Local\JetBrains\PyCharmCE2023.3\event-log-data\logs\FUS\7ad2-4513-9af1-9dc374cf5437-233.13135.95-release.log}
22/01 11:14:26  INFO com.intellij.internal.statistic.uploader - [MP] {recorder:MP, files:C:\Users\Yuvraj\AppData\Local\JetBrains\PyCharmCE2023.3\event-log-data\logs\MP\cdb4-4b78-a803-7f7472d3edf6-233.13135.95-release.log}
22/01 11:14:26  INFO com.intellij.internal.statistic.uploader - [FUS] {device:08122318dc6450d-6f2c-4d49-9c10-d81d53f0bf8a, bucket:190}
22/01 11:14:26  INFO com.intellij.internal.statistic.uploader - [MP] {device:08122311a2304ab-0410-4a78-a20f-627b37070957, bucket:30}
22/01 11:14:27 FINER com.intellij.internal.statistic.uploader - cdb4-4b78-a803-7f7472d3edf6-233.13135.95-release.log-> Cannot upload event log, record list is empty
22/01 11:14:27 FINER com.intellij.internal.statistic.uploader - Removed sent log: cdb4-4b78-a803-7f7472d3edf6-233.13135.95-release.log
22/01 11:14:27  INFO com.intellij.internal.statistic.uploader.events - 1705902267959 SEND MP 0 1 1 [] [5]
22/01 11:14:28  INFO com.intellij.internal.statistic.uploader.events - 1705902267976 FINISHED MP SENT_WITH_ERRORS
22/01 11:14:28 FINER com.intellij.internal.statistic.uploader - [MP] Uploading finished with SENT_WITH_ERRORS
22/01 11:14:28 FINER com.intellij.internal.statistic.uploader - [MP] Uploaded 0 out of 1 files.
22/01 11:14:29 FINER com.intellij.internal.statistic.uploader - 3dad-4a79-ae55-900057092edd-233.13135.95-release.log -> {"Encrypted":false,"FailedPutCount":0,"RequestResponses":[{"RecordId":"0DSwUkSF/Gf1tXo5ZMw2WjSW42U/lP/1ZyssDLDgj+TSzLKYyYC6g9xBCSiMLcX9nuBO+P1Vs9oAuKUBjZLedQGm+2KLNl2YpNZTuu6ZMRaXLXvPjQX9JTE83sL8drKa4v6l4omVwRANNGlcjHPLwZL7ngN3gcn8GC8yve/qepB9jaMmIJTuRvUHdDPG3UXRgV5rgIFjI2/X4ToZcortB9qzEzfriR7X"}]}
22/01 11:14:30 FINER com.intellij.internal.statistic.uploader - 7ad2-4513-9af1-9dc374cf5437-233.13135.95-release.log -> {"Encrypted":false,"FailedPutCount":0,"RequestResponses":[{"RecordId":"62tDYm87ZpG53qzoVeZSZ/3WGNa4Gin+9wmi7kW4Uri/gl5YfTRRWbohUSinSgrExtyzM/tDcyTK4fqHoxmpWrzIoRyDIrijT9xMdxIfWYSUApENtuRN9T/+RMEzcBS2IgMPpR/d2nOgh/GzGAo/foTldpL+vdIPb/6Bz4Fohumr+64OJsM2EW7Py4tuCDbJWnqvbXjgDImUCmOQMkFKZ63Z82HDEZBH"}]}
22/01 11:14:30 FINER com.intellij.internal.statistic.uploader - Removed sent log: 3dad-4a79-ae55-900057092edd-233.13135.95-release.log
22/01 11:14:30 FINER com.intellij.internal.statistic.uploader - Removed sent log: 7ad2-4513-9af1-9dc374cf5437-233.13135.95-release.log
22/01 11:14:30  INFO com.intellij.internal.statistic.uploader.events - 1705902270436 SEND FUS 2 0 2 [QzpcVXNlcnNcWXV2cmFqXEFwcERhdGFcTG9jYWxcSmV0QnJhaW5zXFB5Q2hhcm1DRTIwMjMuM1xldmVudC1sb2ctZGF0YVxsb2dzXEZVU1wzZGFkLTRhNzktYWU1NS05MDAwNTcwOTJlZGQtMjMzLjEzMTM1Ljk1LXJlbGVhc2UubG9n,QzpcVXNlcnNcWXV2cmFqXEFwcERhdGFcTG9jYWxcSmV0QnJhaW5zXFB5Q2hhcm1DRTIwMjMuM1xldmVudC1sb2ctZGF0YVxsb2dzXEZVU1w3YWQyLTQ1MTMtOWFmMS05ZGMzNzRjZjU0MzctMjMzLjEzMTM1Ljk1LXJlbGVhc2UubG9n] []
22/01 11:14:30  INFO com.intellij.internal.statistic.uploader.events - 1705902270436 FINISHED FUS
22/01 11:14:30 FINER com.intellij.internal.statistic.uploader - [FUS] Uploading finished with SEND
22/01 11:14:30 FINER com.intellij.internal.statistic.uploader - [FUS] Uploaded 2 files.
